<?xml version="1.0" encoding="UTF-8" ?>
<testsuite tests="6" failures="0" name="TP2.UnidadesTest" time="0.015" errors="0" skipped="0">
  <properties>
    <property name="java.runtime.name" value="OpenJDK Runtime Environment"/>
    <property name="java.vm.version" value="11.0.4+10-b304.69"/>
    <property name="sun.boot.library.path" value="/home/dani/Desktop/IntelliJ/idea-IU-192.6817.14/jbr/lib"/>
    <property name="maven.multiModuleProjectDirectory" value="/home/dani/Documents/AlgoritmosIII/TP2_MAVEN/Algo3bis"/>
    <property name="java.vm.vendor" value="JetBrains s.r.o"/>
    <property name="java.vendor.url" value="https://www.jetbrains.com/"/>
    <property name="guice.disable.misplaced.annotation.check" value="true"/>
    <property name="path.separator" value=":"/>
    <property name="java.vm.name" value="OpenJDK 64-Bit Server VM"/>
    <property name="sun.os.patch.level" value="unknown"/>
    <property name="user.country" value="US"/>
    <property name="sun.java.launcher" value="SUN_STANDARD"/>
    <property name="java.vm.specification.name" value="Java Virtual Machine Specification"/>
    <property name="user.dir" value="/home/dani/Documents/AlgoritmosIII/TP2_MAVEN/Algo3bis"/>
    <property name="java.vm.compressedOopsMode" value="Zero based"/>
    <property name="java.runtime.version" value="11.0.4+10-b304.69"/>
    <property name="java.awt.graphicsenv" value="sun.awt.X11GraphicsEnvironment"/>
    <property name="os.arch" value="amd64"/>
    <property name="java.io.tmpdir" value="/tmp"/>
    <property name="line.separator" value="
"/>
    <property name="java.vm.specification.vendor" value="Oracle Corporation"/>
    <property name="os.name" value="Linux"/>
    <property name="maven.ext.class.path" value="/home/dani/Desktop/IntelliJ/idea-IU-192.6817.14/plugins/maven/lib/maven-event-listener.jar"/>
    <property name="classworlds.conf" value="/home/dani/Desktop/IntelliJ/idea-IU-192.6817.14/plugins/maven/lib/maven3/bin/m2.conf"/>
    <property name="sun.jnu.encoding" value="UTF-8"/>
    <property name="java.library.path" value="/usr/java/packages/lib:/usr/lib64:/lib64:/lib:/usr/lib"/>
    <property name="maven.conf" value="/home/dani/Desktop/IntelliJ/idea-IU-192.6817.14/plugins/maven/lib/maven3/conf"/>
    <property name="jdk.debug" value="release"/>
    <property name="java.class.version" value="55.0"/>
    <property name="java.specification.name" value="Java Platform API Specification"/>
    <property name="sun.management.compiler" value="HotSpot 64-Bit Tiered Compilers"/>
    <property name="os.version" value="4.15.0-66-generic"/>
    <property name="user.home" value="/home/dani"/>
    <property name="user.timezone" value="America/Argentina/Buenos_Aires"/>
    <property name="java.awt.printerjob" value="sun.print.PSPrinterJob"/>
    <property name="file.encoding" value="UTF-8"/>
    <property name="java.specification.version" value="11"/>
    <property name="idea.version2019.2.3" value="true"/>
    <property name="user.name" value="dani"/>
    <property name="java.class.path" value="/home/dani/Desktop/IntelliJ/idea-IU-192.6817.14/plugins/maven/lib/maven3/boot/plexus-classworlds-2.6.0.jar"/>
    <property name="java.vm.specification.version" value="11"/>
    <property name="sun.arch.data.model" value="64"/>
    <property name="sun.java.command" value="org.codehaus.classworlds.Launcher -Didea.version2019.2.3 test"/>
    <property name="java.home" value="/home/dani/Desktop/IntelliJ/idea-IU-192.6817.14/jbr"/>
    <property name="user.language" value="en"/>
    <property name="java.specification.vendor" value="Oracle Corporation"/>
    <property name="awt.toolkit" value="sun.awt.X11.XToolkit"/>
    <property name="java.vm.info" value="mixed mode"/>
    <property name="java.version" value="11.0.4"/>
    <property name="securerandom.source" value="file:/dev/./urandom"/>
    <property name="java.vendor" value="JetBrains s.r.o"/>
    <property name="maven.home" value="/home/dani/Desktop/IntelliJ/idea-IU-192.6817.14/plugins/maven/lib/maven3"/>
    <property name="file.separator" value="/"/>
    <property name="java.version.date" value="2019-07-16"/>
    <property name="java.vendor.url.bug" value="https://youtrack.jetbrains.com"/>
    <property name="sun.io.unicode.encoding" value="UnicodeLittle"/>
    <property name="sun.cpu.endian" value="little"/>
    <property name="sun.desktop" value="gnome"/>
    <property name="sun.cpu.isalist" value=""/>
  </properties>
  <testcase classname="TP2.UnidadesTest" name="testAtaqueConCatapultaDescuentaVidaCorrecta" time="0.013"/>
  <testcase classname="TP2.UnidadesTest" name="testAtaqueConSIDescuentaVidaCorrecta" time="0"/>
  <testcase classname="TP2.UnidadesTest" name="testCuranderoAgregaVidaCorrecta" time="0"/>
  <testcase classname="TP2.UnidadesTest" name="testAtaqueConJineteDescuentaVidaCorrecta" time="0"/>
  <testcase classname="TP2.UnidadesTest" name="testUnidadMovibleSePuedeMoverEnTodasLasDirecciones" time="0.001"/>
  <testcase classname="TP2.UnidadesTest" name="testUnidadNoPuedeMoverseACasilleroOcupado" time="0.001"/>
</testsuite>